Loading rules from /opt/projects/by-ulid/01JP6P6C0Z9D8E2YG97V3K4JGQ/logic/wg_rules
/opt/projects/by-ulid/01JP6P6C0Z9D8E2YG97V3K4JGQ/docs/export/export.json does not exist
Loading rules from /opt/projects/by-ulid/01JP6P6C0Z9D8E2YG97V3K4JGQ/logic/wg_rules
01JP6P8GRHJ32CDDV4WPDF0BW3 rule file: logic/wg_rules/Customer_Balance_Constraint.py
01JP6P8GRKTFF4Z7TGQ36SQGXC rule file: logic/wg_rules/Customer_Balance_Derivation.py
01JP6P8GRMGP47QXHT1P69G4PP rule file: logic/wg_rules/Order_Amount_Total_Derivation.py
01JP6P8GRNE36AS7MJTJNK1QX5 rule file: logic/wg_rules/Item_Amount_Derivation.py
01JP6P8GRNXHD52WBZC24A6SF3 rule file: logic/wg_rules/Copy_Item_Unit_Price.py
01JP6P8GRPP3938T7X520BRKZP rule file: logic/wg_rules/Order_Kafka_Integration.py
01JP6P8GRHJ32CDDV4WPDF0BW3 rule file: logic/wg_rules/Customer_Balance_Constraint.py
01JP6P8GRKTFF4Z7TGQ36SQGXC rule file: logic/wg_rules/Customer_Balance_Derivation.py
01JP6P8GRMGP47QXHT1P69G4PP rule file: logic/wg_rules/Order_Amount_Total_Derivation.py
01JP6P8GRNE36AS7MJTJNK1QX5 rule file: logic/wg_rules/Item_Amount_Derivation.py
01JP6P8GRNXHD52WBZC24A6SF3 rule file: logic/wg_rules/Copy_Item_Unit_Price.py
01JP6P8GRPP3938T7X520BRKZP rule file: logic/wg_rules/Order_Kafka_Integration.py

[34mVerifying rule: Customer_Balance_Constraint - 01JP6P8GRHJ32CDDV4WPDF0BW3[0m

[32mActivated rule 01JP6P8GRHJ32CDDV4WPDF0BW3[0m

[34mVerifying rule: Customer_Balance_Derivation - 01JP6P8GRKTFF4Z7TGQ36SQGXC[0m

[32mActivated rule 01JP6P8GRKTFF4Z7TGQ36SQGXC[0m

[34mVerifying rule: Order_Amount_Total_Derivation - 01JP6P8GRMGP47QXHT1P69G4PP[0m

[32mActivated rule 01JP6P8GRMGP47QXHT1P69G4PP[0m

[34mVerifying rule: Item_Amount_Derivation - 01JP6P8GRNE36AS7MJTJNK1QX5[0m

[32mActivated rule 01JP6P8GRNE36AS7MJTJNK1QX5[0m

[34mVerifying rule: Copy_Item_Unit_Price - 01JP6P8GRNXHD52WBZC24A6SF3[0m

[32mActivated rule 01JP6P8GRNXHD52WBZC24A6SF3[0m

[34mVerifying rule: Order_Kafka_Integration - 01JP6P8GRPP3938T7X520BRKZP[0m

[32mActivated rule 01JP6P8GRPP3938T7X520BRKZP[0m
Loading rules from /opt/projects/by-ulid/01JP6P6C0Z9D8E2YG97V3K4JGQ/logic/wg_rules
01JP6P8GRHJ32CDDV4WPDF0BW3 rule file: logic/wg_rules/Customer_Balance_Constraint.py
01JP6P8GRKTFF4Z7TGQ36SQGXC rule file: logic/wg_rules/Customer_Balance_Derivation.py
01JP6P8GRMGP47QXHT1P69G4PP rule file: logic/wg_rules/Order_Amount_Total_Derivation.py
01JP6P8GRNE36AS7MJTJNK1QX5 rule file: logic/wg_rules/Item_Amount_Derivation.py
01JP6P8GRNXHD52WBZC24A6SF3 rule file: logic/wg_rules/Copy_Item_Unit_Price.py
01JP6P8GRPP3938T7X520BRKZP rule file: logic/wg_rules/Order_Kafka_Integration.py
[32mLoading Rule Module Customer_Balance_Constraint 01JP6P8GRHJ32CDDV4WPDF0BW3 [0m
[32mLoading Rule Module Customer_Balance_Derivation 01JP6P8GRKTFF4Z7TGQ36SQGXC [0m
[32mLoading Rule Module Order_Amount_Total_Derivation 01JP6P8GRMGP47QXHT1P69G4PP [0m
[32mLoading Rule Module Item_Amount_Derivation 01JP6P8GRNE36AS7MJTJNK1QX5 [0m
[32mLoading Rule Module Copy_Item_Unit_Price 01JP6P8GRNXHD52WBZC24A6SF3 [0m
[32mLoading Rule Module Order_Kafka_Integration 01JP6P8GRPP3938T7X520BRKZP [0m
Loading rules from /opt/projects/by-ulid/01JP6P6C0Z9D8E2YG97V3K4JGQ/logic/wg_rules
01JP6P8GRHJ32CDDV4WPDF0BW3 rule file: logic/wg_rules/Customer_Balance_Constraint.py
01JP6P8GRKTFF4Z7TGQ36SQGXC rule file: logic/wg_rules/Customer_Balance_Derivation.py
01JP6P8GRMGP47QXHT1P69G4PP rule file: logic/wg_rules/Order_Amount_Total_Derivation.py
01JP6P8GRNE36AS7MJTJNK1QX5 rule file: logic/wg_rules/Item_Amount_Derivation.py
01JP6P8GRNXHD52WBZC24A6SF3 rule file: logic/wg_rules/Copy_Item_Unit_Price.py
01JP6P8GRPP3938T7X520BRKZP rule file: logic/wg_rules/Order_Kafka_Integration.py
[32mLoading Rule Module Customer_Balance_Constraint 01JP6P8GRHJ32CDDV4WPDF0BW3 [0m
[32mLoading Rule Module Customer_Balance_Derivation 01JP6P8GRKTFF4Z7TGQ36SQGXC [0m
[32mLoading Rule Module Order_Amount_Total_Derivation 01JP6P8GRMGP47QXHT1P69G4PP [0m
[32mLoading Rule Module Item_Amount_Derivation 01JP6P8GRNE36AS7MJTJNK1QX5 [0m
[32mLoading Rule Module Copy_Item_Unit_Price 01JP6P8GRNXHD52WBZC24A6SF3 [0m
[32mLoading Rule Module Order_Kafka_Integration 01JP6P8GRPP3938T7X520BRKZP [0m
